ARM GAS  /var/folders/8d/9_h4bwrs4t923hh6vkkb02fw0000gn/T//cc1NVTbl.s 			page 1


   1              		.cpu cortex-m7
   2              		.eabi_attribute 28, 1
   3              		.eabi_attribute 20, 1
   4              		.eabi_attribute 21, 1
   5              		.eabi_attribute 23, 3
   6              		.eabi_attribute 24, 1
   7              		.eabi_attribute 25, 1
   8              		.eabi_attribute 26, 1
   9              		.eabi_attribute 30, 2
  10              		.eabi_attribute 34, 1
  11              		.eabi_attribute 18, 4
  12              		.file	"Blinkl.cpp"
  13              		.text
  14              		.section	.text._ZN5daisy9DaisySeedD2Ev,"axG",%progbits,_ZN5daisy9DaisySeedD5Ev,comdat
  15              		.align	1
  16              		.p2align 2,,3
  17              		.weak	_ZN5daisy9DaisySeedD2Ev
  18              		.arch armv7e-m
  19              		.syntax unified
  20              		.thumb
  21              		.thumb_func
  22              		.fpu fpv5-d16
  24              	_ZN5daisy9DaisySeedD2Ev:
  25              		@ args = 0, pretend = 0, frame = 0
  26              		@ frame_needed = 0, uses_anonymous_args = 0
  27              		@ link register save eliminated.
  28 0000 7047     		bx	lr
  30              		.weak	_ZN5daisy9DaisySeedD1Ev
  31              		.thumb_set _ZN5daisy9DaisySeedD1Ev,_ZN5daisy9DaisySeedD2Ev
  32 0002 00BF     		.section	.text.startup.main,"ax",%progbits
  33              		.align	1
  34              		.p2align 2,,3
  35              		.global	main
  36              		.syntax unified
  37              		.thumb
  38              		.thumb_func
  39              		.fpu fpv5-d16
  41              	main:
  42              		@ args = 0, pretend = 0, frame = 0
  43              		@ frame_needed = 0, uses_anonymous_args = 0
  44 0000 0948     		ldr	r0, .L6
  45 0002 10B5     		push	{r4, lr}
  46 0004 FFF7FEFF 		bl	_ZN5daisy9DaisySeed9ConfigureEv
  47 0008 0748     		ldr	r0, .L6
  48 000a 0124     		movs	r4, #1
  49 000c FFF7FEFF 		bl	_ZN5daisy9DaisySeed4InitEv
  50              	.L4:
  51 0010 2146     		mov	r1, r4
  52 0012 0548     		ldr	r0, .L6
  53 0014 FFF7FEFF 		bl	_ZN5daisy9DaisySeed6SetLedEb
  54 0018 4FF4FA70 		mov	r0, #500
  55 001c 84F00104 		eor	r4, r4, #1
  56 0020 FFF7FEFF 		bl	dsy_system_delay
  57 0024 F4E7     		b	.L4
  58              	.L7:
  59 0026 00BF     		.align	2
  60              	.L6:
ARM GAS  /var/folders/8d/9_h4bwrs4t923hh6vkkb02fw0000gn/T//cc1NVTbl.s 			page 2


  61 0028 00000000 		.word	.LANCHOR0
  63              		.section	.text.startup._GLOBAL__sub_I_ds,"ax",%progbits
  64              		.align	1
  65              		.p2align 2,,3
  66              		.syntax unified
  67              		.thumb
  68              		.thumb_func
  69              		.fpu fpv5-d16
  71              	_GLOBAL__sub_I_ds:
  72              		@ args = 0, pretend = 0, frame = 0
  73              		@ frame_needed = 0, uses_anonymous_args = 0
  74              		@ link register save eliminated.
  75 0000 024A     		ldr	r2, .L9
  76 0002 0349     		ldr	r1, .L9+4
  77 0004 0348     		ldr	r0, .L9+8
  78 0006 FFF7FEBF 		b	__aeabi_atexit
  79              	.L10:
  80 000a 00BF     		.align	2
  81              	.L9:
  82 000c 00000000 		.word	__dso_handle
  83 0010 00000000 		.word	_ZN5daisy9DaisySeedD1Ev
  84 0014 00000000 		.word	.LANCHOR0
  86              		.section	.init_array,"aw",%init_array
  87              		.align	2
  88 0000 00000000 		.word	_GLOBAL__sub_I_ds(target1)
  89              		.global	ds
  90              		.section	.bss.ds,"aw",%nobits
  91              		.align	2
  92              		.set	.LANCHOR0,. + 0
  95              	ds:
  96 0000 00000000 		.space	108
  96      00000000 
  96      00000000 
  96      00000000 
  96      00000000 
  97              		.hidden	__dso_handle
  98              		.ident	"GCC: (GNU Tools for Arm Embedded Processors 9-2019-q4-major) 9.2.1 20191025 (release) [ARM
ARM GAS  /var/folders/8d/9_h4bwrs4t923hh6vkkb02fw0000gn/T//cc1NVTbl.s 			page 3


DEFINED SYMBOLS
                            *ABS*:0000000000000000 Blinkl.cpp
/var/folders/8d/9_h4bwrs4t923hh6vkkb02fw0000gn/T//cc1NVTbl.s:15     .text._ZN5daisy9DaisySeedD2Ev:0000000000000000 $t
/var/folders/8d/9_h4bwrs4t923hh6vkkb02fw0000gn/T//cc1NVTbl.s:24     .text._ZN5daisy9DaisySeedD2Ev:0000000000000000 _ZN5daisy9DaisySeedD2Ev
/var/folders/8d/9_h4bwrs4t923hh6vkkb02fw0000gn/T//cc1NVTbl.s:24     .text._ZN5daisy9DaisySeedD2Ev:0000000000000000 _ZN5daisy9DaisySeedD1Ev
/var/folders/8d/9_h4bwrs4t923hh6vkkb02fw0000gn/T//cc1NVTbl.s:33     .text.startup.main:0000000000000000 $t
/var/folders/8d/9_h4bwrs4t923hh6vkkb02fw0000gn/T//cc1NVTbl.s:41     .text.startup.main:0000000000000000 main
/var/folders/8d/9_h4bwrs4t923hh6vkkb02fw0000gn/T//cc1NVTbl.s:61     .text.startup.main:0000000000000028 $d
/var/folders/8d/9_h4bwrs4t923hh6vkkb02fw0000gn/T//cc1NVTbl.s:64     .text.startup._GLOBAL__sub_I_ds:0000000000000000 $t
/var/folders/8d/9_h4bwrs4t923hh6vkkb02fw0000gn/T//cc1NVTbl.s:71     .text.startup._GLOBAL__sub_I_ds:0000000000000000 _GLOBAL__sub_I_ds
/var/folders/8d/9_h4bwrs4t923hh6vkkb02fw0000gn/T//cc1NVTbl.s:82     .text.startup._GLOBAL__sub_I_ds:000000000000000c $d
/var/folders/8d/9_h4bwrs4t923hh6vkkb02fw0000gn/T//cc1NVTbl.s:87     .init_array:0000000000000000 $d
/var/folders/8d/9_h4bwrs4t923hh6vkkb02fw0000gn/T//cc1NVTbl.s:95     .bss.ds:0000000000000000 ds
/var/folders/8d/9_h4bwrs4t923hh6vkkb02fw0000gn/T//cc1NVTbl.s:91     .bss.ds:0000000000000000 $d
                           .group:0000000000000000 _ZN5daisy9DaisySeedD5Ev

UNDEFINED SYMBOLS
_ZN5daisy9DaisySeed9ConfigureEv
_ZN5daisy9DaisySeed4InitEv
_ZN5daisy9DaisySeed6SetLedEb
dsy_system_delay
__aeabi_atexit
__dso_handle
